<?xml version="1.0" encoding="UTF-8"?>
<!-- Generated by org.testng.reporters.JUnitReportReporter -->
<testsuite hostname="Ketan" failures="0" tests="1" name="StandardFramework.Tests.MainTest" time="20.307" errors="0" timestamp="2025-04-15T15:43:44 IST" skipped="0">
  <testcase classname="StandardFramework.Tests.MainTest" name="funtion" time="20.307"/>
</testsuite> <!-- StandardFramework.Tests.MainTest -->
